/Users/alessio/Desktop/Solven_VS_Nasdaq100_Pension_System/src/correlation_cointegration.py:69: UserWarning: Could not infer format, so each element will be parsed individually, falling back to `dateutil`. To ensure parsing is consistent and as-expected, please specify a format.
  book["Data"] = pd.to_datetime(book["Data"], dayfirst=True)
Book2.csv caricato: 284 osservazioni
  Periodo: 2002-09-30 → 2026-04-30

Scarico S&P500 e Nasdaq100 da 2002-09-01 a 2026-05-31 …
Osservazioni dopo join: 284

            Reddito  Dinamico    SP500     NDX100
Data                                             
2002-09-30    9.526     9.526   815.28    832.520
2002-10-31    9.708     9.747   885.76    989.540
2002-11-30    9.830     9.908   936.31   1116.100
2002-12-31    9.752     9.602   879.82    984.370
2003-01-31    9.716     9.361   855.70    983.050
2003-02-28    9.692     9.339   841.15   1009.740
2003-03-31    9.619     9.364   848.18   1018.660
2003-04-30    9.848     9.412   916.92   1106.060
2003-05-31    9.968     9.414   963.59   1197.890
2003-06-30   10.034     9.618   974.50   1201.690
2003-07-31   10.084     9.669   990.31   1276.940
2003-08-31   10.103     9.843  1008.01   1341.200
2003-09-30   10.075     9.715   995.97   1303.700
2003-10-31   10.158     9.840  1050.71   1416.390
2003-11-30   10.187     9.771  1058.20   1424.250
2003-12-31   10.298     9.815  1111.92   1467.920
2004-01-31   10.378     9.929  1131.13   1493.080
2004-02-29   10.470    10.024  1144.94   1470.380
2004-03-31   10.452    10.106  1126.21   1438.410
2004-04-30   10.434    10.058  1107.30   1401.360
2004-05-31   10.427     9.954  1120.68   1466.220
2004-06-30   10.479    10.060  1140.84   1516.640
2004-07-31   10.471     9.999  1101.72   1400.390
2004-08-31   10.505     9.997  1104.24   1368.680
2004-09-30   10.558    10.026  1114.58   1412.740
2004-10-31   10.646     9.976  1130.20   1486.720
2004-11-30   10.734    10.071  1173.82   1571.500
2004-12-31   10.816    10.107  1211.92   1621.120
2005-01-31   10.909    10.187  1181.27   1519.630
2005-02-28   10.950    10.282  1203.60   1511.020
2005-03-31   10.964    10.296  1180.59   1482.530
2005-04-30   10.959    10.222  1156.85   1420.790
2005-05-31   11.103    10.539  1191.50   1542.630
2005-06-30   11.230    10.659  1191.33   1493.520
2005-07-31   11.323    10.780  1234.18   1605.140
2005-08-31   11.330    10.813  1220.33   1581.710
2005-09-30   11.433    11.018  1228.81   1601.660
2005-10-31   11.331    10.870  1207.01   1579.180
2005-11-30   11.423    11.125  1249.48   1672.560
2005-12-31   11.543    11.261  1248.29   1645.200
2006-01-31   11.634    11.366  1280.08   1710.750
2006-02-28   11.712    11.417  1280.66   1670.570
2006-03-31   11.745    11.454  1294.87   1703.660
2006-04-30   11.732    11.433  1310.61   1700.710
2006-05-31   11.653    11.162  1270.09   1579.580
2006-06-30   11.662    11.168  1270.20   1575.230
2006-07-31   11.728    11.242  1276.66   1509.430
2006-08-31   11.847    11.386  1303.82   1579.730
2006-09-30   11.945    11.547  1335.85   1654.130
2006-10-31   12.018    11.707  1377.94   1732.540
2006-11-30   12.067    11.723  1400.63   1791.250
2006-12-31   12.135    11.819  1418.30   1756.900
2007-01-31   12.194    11.898  1438.24   1792.280
2007-02-28   12.204    11.860  1406.82   1761.600
2007-03-31   12.284    11.968  1420.86   1772.360
2007-04-30   12.409    12.077  1482.37   1867.750
2007-05-31   12.453    12.343  1530.62   1928.190
2007-06-30   12.412    12.260  1503.35   1934.100
2007-07-31   12.418    12.107  1455.27   1932.060
2007-08-31   12.465    12.048  1473.99   1988.730
2007-09-30   12.497    12.017  1526.75   2091.110
2007-10-31   12.600    12.097  1549.38   2238.980
2007-11-30   12.585    11.768  1481.14   2089.100
2007-12-31   12.576    11.781  1468.36   2084.930
2008-01-31   12.424    11.410  1378.55   1841.420
2008-02-29   12.437    11.297  1330.63   1745.270
2008-03-31   12.351    10.979  1322.70   1781.930
2008-04-30   12.463    11.299  1385.59   1917.700
2008-05-31   12.429    11.342  1400.38   2032.570
2008-06-30   12.153    10.921  1280.00   1837.090
2008-07-31   12.235    10.852  1267.38   1849.150
2008-08-31   12.330    11.135  1282.83   1872.540
2008-09-30   12.109    10.735  1166.36   1594.630
2008-10-31   11.851    10.367   968.75   1334.780
2008-11-30   11.834    10.204   896.24   1185.750
2008-12-31   11.927    10.051   903.25   1211.650
2009-01-31   11.833    10.017   825.88   1180.250
2009-02-28   11.658     9.702   735.09   1116.990
2009-03-31   11.815     9.921   797.87   1237.010
2009-04-30   12.192    10.420   872.81   1394.330
2009-05-31   12.291    10.563   919.14   1435.570
2009-06-30   12.325    10.634   919.32   1477.250
2009-07-31   12.601    10.884   987.48   1603.360
2009-08-31   12.746    11.006  1020.62   1625.190
2009-09-30   12.897    11.078  1057.08   1718.990
2009-10-31   12.805    10.975  1036.19   1667.130
2009-11-30   12.859    11.097  1095.63   1767.430
2009-12-31   12.973    11.359  1115.10   1860.310
2010-01-31   12.821    11.356  1073.87   1741.040
2010-02-28   12.847    11.499  1104.49   1818.680
2010-03-31   13.060    11.826  1169.43   1958.340
2010-04-30   12.865    11.914  1186.69   2000.630
2010-05-31   12.742    11.816  1089.41   1852.390
2010-06-30   12.698    11.715  1030.71   1739.140
2010-07-31   12.860    11.792  1101.60   1864.000
2010-08-31   12.848    11.880  1049.33   1767.430
2010-09-30   12.922    11.920  1141.20   1998.040
2010-10-31   12.996    11.987  1183.26   2124.450
2010-11-30   12.776    12.154  1180.55   2117.330
2010-12-31   12.912    12.441  1257.64   2217.860
2011-01-31   13.028    12.423  1286.12   2281.910
2011-02-28   13.082    12.573  1327.22   2350.990
2011-03-31   13.007    12.341  1325.83   2338.990
2011-04-30   13.117    12.366  1363.61   2404.080
2011-05-31   13.105    12.476  1345.20   2372.540
2011-06-30   13.083    12.323  1320.64   2325.070
2011-07-31   12.952    12.273  1292.28   2362.810
2011-08-31   12.666    11.962  1218.89   2241.010
2011-09-30   12.555    11.973  1131.42   2139.180
2011-10-31   12.787    12.150  1253.30   2360.080
2011-11-30   12.631    12.189  1246.96   2295.200
2011-12-31   12.834    12.408  1257.60   2277.830
2012-01-31   13.114    12.718  1312.41   2467.950
2012-02-29   13.319    12.940  1365.68   2623.100
2012-03-31   13.300    13.029  1408.47   2755.270
2012-04-30   13.158    12.996  1397.91   2723.680
2012-05-31   13.010    12.824  1310.33   2524.870
2012-06-30   13.159    13.030  1362.16   2615.720
2012-07-31   13.391    13.230  1379.32   2642.530
2012-08-31   13.471    13.372  1406.58   2772.240
2012-09-30   13.528    13.476  1440.67   2799.190
2012-10-31   13.528    13.453  1412.16   2647.920
2012-11-30   13.613    13.528  1416.18   2677.880
2012-12-31   13.664    13.666  1426.19   2660.930
2013-01-31   13.679    13.859  1498.11   2731.530
2013-02-28   13.739    13.993  1514.68   2738.580
2013-03-31   13.869    14.168  1569.19   2818.690
2013-04-30   14.021    14.338  1597.57   2887.440
2013-05-31   14.057    14.594  1630.74   2981.760
2013-06-30   13.849    14.282  1606.28   2909.600
2013-07-31   14.002    14.559  1685.73   3090.190
2013-08-31   13.982    14.499  1632.97   3073.810
2013-09-30   14.144    14.653  1681.55   3218.200
2013-10-31   14.345    14.948  1756.54   3377.730
2013-11-30   14.431    15.134  1805.81   3487.820
2013-12-31   14.434    15.177  1848.36   3592.000
2014-01-31   14.479    15.062  1782.59   3521.920
2014-02-28   14.606    15.251  1859.45   3696.100
2014-03-31   14.671    15.253  1872.34   3595.740
2014-04-30   14.717    15.253  1883.95   3582.020
2014-05-31   14.870    15.517  1923.57   3736.820
2014-06-30   14.948    15.667  1960.23   3849.480
2014-07-31   14.991    15.679  1930.67   3892.500
2014-08-31   15.167    15.965  2003.37   4082.560
2014-09-30   15.248    16.015  1972.29   4049.450
2014-10-31   15.246    15.909  2018.05   4158.210
2014-11-30   15.379    16.177  2067.56   4337.790
2014-12-31   15.451    16.227  2058.90   4236.280
2015-01-31   15.757    16.583  1994.99   4148.430
2015-02-28   16.046    17.059  2104.50   4440.670
2015-03-31   16.221    17.246  2067.89   4333.690
2015-04-30   16.087    17.146  2085.51   4414.250
2015-05-31   16.150    17.359  2107.39   4508.250
2015-06-30   15.931    17.008  2063.11   4396.760
2015-07-31   16.122    17.256  2103.84   4588.910
2015-08-31   15.791    16.634  1972.18   4274.580
2015-09-30   15.709    16.379  1920.03   4181.060
2015-10-31   16.064    17.014  2079.36   4648.830
2015-11-30   16.251    17.256  2080.41   4664.510
2015-12-31   15.962    16.841  2043.94   4593.270
2016-01-31   15.766    16.416  1940.24   4279.170
2016-02-29   15.718    16.287  1932.23   4201.120
2016-03-31   15.793    16.413  2059.74   4483.660
2016-04-30   15.834    16.530  2065.30   4341.300
2016-05-31   15.983    16.716  2096.95   4523.890
2016-06-30   15.946    16.563  2098.86   4417.700
2016-07-31   16.079    16.857  2173.60   4730.230
2016-08-31   16.097    16.971  2170.95   4771.050
2016-09-30   16.050    16.971  2168.27   4875.700
2016-10-31   15.961    17.000  2126.15   4801.270
2016-11-30   16.058    17.333  2198.81   4810.810
2016-12-31   16.272    17.613  2238.83   4863.620
2017-01-31   16.161    17.611  2278.87   5116.770
2017-02-28   16.333    17.871  2363.64   5330.310
2017-03-31   16.378    17.920  2362.72   5436.230
2017-04-30   16.411    17.971  2384.20   5583.530
2017-05-31   16.382    17.929  2411.80   5788.800
2017-06-30   16.322    17.919  2423.41   5646.920
2017-07-31   16.323    17.962  2470.30   5880.330
2017-08-31   16.325    17.952  2471.65   5988.600
2017-09-30   16.442    18.206  2519.36   5979.300
2017-10-31   16.590    18.433  2575.26   6248.560
2017-11-30   16.584    18.500  2647.58   6365.560
2017-12-31   16.562    18.567  2673.61   6396.420
2018-01-31   16.619    18.774  2823.81   6949.990
2018-02-28   16.522    18.533  2713.83   6854.420
2018-03-31   16.499    18.361  2640.87   6581.130
2018-04-30   16.600    18.547  2648.05   6605.570
2018-05-31   16.573    18.569  2705.27   6967.730
2018-06-30   16.605    18.580  2718.37   7040.800
2018-07-31   16.682    18.822  2816.29   7231.980
2018-08-31   16.641    18.842  2901.52   7654.550
2018-09-30   16.675    18.930  2913.98   7627.650
2018-10-31   16.510    18.483  2711.74   6967.100
2018-11-30   16.550    18.531  2760.17   6949.010
2018-12-31   16.351    17.927  2506.85   6329.970
2019-01-31   16.635    18.477  2704.10   6906.840
2019-02-28   16.748    18.683  2784.49   7097.530
2019-03-31   16.883    18.838  2834.40   7378.770
2019-04-30   17.000    19.066  2945.83   7781.460
2019-05-31   16.794    18.598  2752.06   7127.960
2019-06-30   16.994    19.019  2941.76   7671.080
2019-07-31   17.153    19.295  2980.38   7848.780
2019-08-31   17.351    19.378  2926.46   7691.000
2019-09-30   17.387    19.599  2976.74   7749.450
2019-10-31   17.340    19.702  3037.56   8083.830
2019-11-30   17.395    19.911  3140.98   8403.680
2019-12-31   17.356    20.063  3230.78   8733.070
2020-01-31   17.591    20.206  3225.52   8991.510
2020-02-29   17.436    19.624  2954.22   8461.830
2020-03-31   16.962    18.460  2584.59   7813.500
2020-04-30   17.312    19.361  2912.43   9000.510
2020-05-31   17.442    19.863  3044.31   9555.530
2020-06-30   17.556    20.083  3100.29  10156.850
2020-07-31   17.636    20.459  3271.12  10905.880
2020-08-31   17.714    20.829  3500.31  12110.700
2020-09-30   17.750    20.876  3363.00  11418.060
2020-10-31   17.686    20.729  3269.96  11052.950
2020-11-30   18.054    21.620  3621.63  12268.320
2020-12-31   18.121    21.948  3756.07  12888.280
2021-01-31   18.051    21.816  3714.24  12925.380
2021-02-28   17.984    21.777  3811.15  12909.440
2021-03-31   18.165    22.166  3972.89  13091.440
2021-04-30   18.201    22.421  4181.17  13860.760
2021-05-31   18.216    22.477  4204.11  13686.510
2021-06-30   18.405    22.769  4297.50  14554.800
2021-07-31   18.615    23.027  4395.26  14959.900
2021-08-31   18.694    23.279  4522.68  15582.510
2021-09-30   18.534    22.900  4307.54  14689.620
2021-10-31   18.701    23.506  4605.38  15850.470
2021-11-30   18.860    23.610  4567.00  16135.920
2021-12-31   18.890    23.915  4766.18  16320.080
2022-01-31   18.586    23.249  4515.55  14930.050
2022-02-28   18.349    22.801  4373.94  14237.810
2022-03-31   18.187    22.975  4530.41  14838.490
2022-04-30   17.736    22.278  4131.93  12854.800
2022-05-31   17.628    22.110  4132.15  12642.100
2022-06-30   17.273    21.306  3785.38  11503.720
2022-07-31   17.881    22.383  4130.29  12947.970
2022-08-31   17.424    21.795  3955.00  12272.030
2022-09-30   16.890    20.843  3585.62  10971.220
2022-10-31   17.075    21.459  3871.98  11405.570
2022-11-30   17.406    22.046  4080.11  12030.060
2022-12-31   16.919    21.233  3839.50  10939.760
2023-01-31   17.280    21.924  4076.60  12101.930
2023-02-28   17.055    21.582  3970.15  12042.120
2023-03-31   17.286    21.949  4109.31  13181.350
2023-04-30   17.298    21.997  4169.48  13245.990
2023-05-31   17.358    22.130  4179.83  14254.090
2023-06-30   17.421    22.523  4450.38  15179.210
2023-07-31   17.544    22.826  4588.96  15757.000
2023-08-31   17.485    22.639  4507.66  15501.070
2023-09-30   17.211    22.143  4288.05  14715.240
2023-10-31   17.057    21.840  4193.80  14409.780
2023-11-30   17.582    22.804  4567.80  15947.870
2023-12-31   18.014    23.448  4769.83  16825.930
2024-01-31   18.102    23.674  4845.65  17137.240
2024-02-29   18.229    24.135  5096.27  18043.850
2024-03-31   18.490    24.595  5254.35  18254.689
2024-04-30   18.215    24.114  5035.69  17440.689
2024-05-31   18.420    24.592  5277.51  18536.650
2024-06-30   18.660    25.050  5460.48  19682.869
2024-07-31   18.895    25.287  5522.30  19362.430
2024-08-31   18.975    25.481  5648.40  19574.641
2024-09-30   19.148    25.745  5762.48  20060.689
2024-10-31   19.011    25.568  5705.45  19890.420
2024-11-30   19.447    26.368  6032.38  20930.369
2024-12-31   19.281    26.127  5881.63  21012.170
2025-01-31   19.461    26.542  6040.53  21478.051
2025-02-28   19.557    26.529  5954.50  20884.410
2025-03-31   19.104    25.651  5611.85  19278.449
2025-04-30   19.026    25.418  5569.06  19571.020
2025-05-31   19.271    26.102  5911.69  21340.990
2025-06-30   19.373    26.450  6204.95  22679.010
2025-07-31   19.577    26.856  6339.39  23218.119
2025-08-31   19.656    26.983  6460.26  23415.420
2025-09-30   19.927    27.494  6688.46  24679.990
2025-10-31   20.251    27.984  6840.20  25858.131
2025-11-30   20.286    27.992  6849.09  25434.891
2025-12-31   20.276    28.015  6845.50  25249.850
2026-01-31   20.484    28.297  6939.03  25552.391
2026-02-28   20.771    28.608  6878.88  24960.039
2026-03-31   20.221    27.630  6528.52  23740.189
2026-04-30   20.760    28.876  7209.01  27452.119

============================================================
GRAFICI COMPARATIVI
============================================================
Grafico salvato: /Users/alessio/Desktop/Solven_VS_Nasdaq100_Pension_System/data/confronto_livelli_normalizzati.png

============================================================
RENDIMENTI ANNUALI (quota fine anno / quota fine anno precedente - 1)
============================================================
      Reddito %  Dinamico %  SP500 %  NDX100 %
Anno                                          
2003       5.60        2.22    26.38     49.12
2004       5.03        2.98     8.99     10.44
2005       6.72       11.42     3.00      1.49
2006       5.13        4.96    13.62      6.79
2007       3.63       -0.32     3.53     18.67
2008      -5.16      -14.68   -38.49    -41.89
2009       8.77       13.01    23.45     53.54
2010      -0.47        9.53    12.78     19.22
2011      -0.60       -0.27    -0.00      2.70
2012       6.47       10.14    13.41     16.82
2013       5.64       11.06    29.60     34.99
2014       7.05        6.92    11.39     17.94
2015       3.31        3.78    -0.73      8.43
2016       1.94        4.58     9.54      5.89
2017       1.78        5.42    19.42     31.52
2018      -1.27       -3.45    -6.24     -1.04
2019       6.15       11.91    28.88     37.96
2020       4.41        9.40    16.26     47.58
2021       4.24        8.96    26.89     26.63
2022     -10.43      -11.21   -19.44    -32.97
2023       6.47       10.43    24.23     53.81
2024       7.03       11.43    23.31     24.88
2025       5.16        7.23    16.39     20.17
2026       2.39        3.07     5.31      8.72

Statistiche sui rendimenti annuali (%):
       Reddito %  Dinamico %  SP500 %  NDX100 %
count      24.00       24.00    24.00     24.00
mean        3.29        4.94    10.48     17.56
std         4.35        7.06    15.97     23.72
min       -10.43      -14.68   -38.49    -41.89
25%         1.90        2.79     3.40      6.56
50%         4.72        6.17    13.10     18.30
75%         6.23       10.21    23.34     32.39
max         8.77       13.01    29.60     53.81

CAGR sull'intero periodo (2002–2026, 23.6 anni):
  Reddito: 3.36% annuo
  Dinamico: 4.82% annuo
  SP500  : 9.68% annuo
  NDX100 : 15.98% annuo

============================================================
METRICHE RISCHIO-RENDIMENTO
============================================================
Assunzione: tasso risk-free annuo = 0.00%

          CAGR %  Volatilita annua %  Sharpe  Sortino  Max Drawdown %  Calmar
Reddito    3.359               3.716   0.909    1.446         -10.588   0.317
Dinamico   4.815               5.919   0.826    1.270         -21.397   0.225
SP500      9.683              14.649   0.707    1.072         -52.556   0.184
NDX100    15.980              18.610   0.894    1.484         -50.112   0.319

============================================================
CORRELAZIONI DI PEARSON (livelli)
============================================================
          Reddito  Dinamico   SP500  NDX100
Reddito    1.0000    0.9747  0.8988  0.8749
Dinamico   0.9747    1.0000  0.9685  0.9516
SP500      0.8988    0.9685  1.0000  0.9950
NDX100     0.8749    0.9516  0.9950  1.0000

Correlazioni con p-value:
  Reddito ~ SP500: r=0.8988  p=0.0000 ***
  Reddito ~ NDX100: r=0.8749  p=0.0000 ***
  Dinamico ~ SP500: r=0.9685  p=0.0000 ***
  Dinamico ~ NDX100: r=0.9516  p=0.0000 ***

============================================================
CORRELAZIONI DI PEARSON (log-rendimenti mensili)
============================================================
          Reddito  Dinamico   SP500  NDX100
Reddito    1.0000    0.8662  0.7784  0.7306
Dinamico   0.8662    1.0000  0.8395  0.7841
SP500      0.7784    0.8395  1.0000  0.9064
NDX100     0.7306    0.7841  0.9064  1.0000

Correlazioni rendimenti con p-value:
  Reddito ~ SP500: r=0.7784  p=0.0000 ***
  Reddito ~ NDX100: r=0.7306  p=0.0000 ***
  Dinamico ~ SP500: r=0.8395  p=0.0000 ***
  Dinamico ~ NDX100: r=0.7841  p=0.0000 ***

============================================================
CORRELAZIONI ROBUSTE - SPEARMAN RANK (sui livelli)
============================================================
Test non parametrico: misura correlazione monotonica (non lineare).
Più robusto a outlier rispetto a Pearson.

  Reddito ~ SP500: ρ=0.9560  p=0.0000 ***
  Reddito ~ NDX100: ρ=0.9877  p=0.0000 ***
  Dinamico ~ SP500: ρ=0.9802  p=0.0000 ***
  Dinamico ~ NDX100: ρ=0.9952  p=0.0000 ***

============================================================
CORRELAZIONI ROBUSTE - KENDALL TAU (sui livelli)
============================================================
Test non parametrico: basato su concordanza di ranghi.
Ancora più robusto a outlier, interpretazione probabilistica.

  Reddito ~ SP500: τ=0.8563  p=0.0000 ***
  Reddito ~ NDX100: τ=0.9199  p=0.0000 ***
  Dinamico ~ SP500: τ=0.9089  p=0.0000 ***
  Dinamico ~ NDX100: τ=0.9490  p=0.0000 ***

============================================================
CONFRONTO TRE METODI DI CORRELAZIONE (sui livelli)
============================================================
Coppia                    Pearson      Spearman     Kendall     
------------------------------------------------------------
Reddito ~ SP500                 0.8988       0.9560       0.8563
Reddito ~ NDX100                0.8749       0.9877       0.9199
Dinamico ~ SP500                 0.9685       0.9802       0.9089
Dinamico ~ NDX100                0.9516       0.9952       0.9490

============================================================
SINTESI
============================================================
• Sharpe: rendimento in eccesso per unita di volatilita totale.
• Sortino: come Sharpe ma penalizza solo la volatilita negativa.
• Max Drawdown: peggior perdita da un picco a un minimo.
• Calmar: CAGR / |Max Drawdown|, misura efficienza vs perdite profonde.

• Pearson: correlazione lineare classica.
• Spearman (ρ): correlazione monotonica, più robusta a outlier.
• Kendall (τ): basato su concordanza di ranghi, interpretazione probabilistica.
  Se τ ≈ 0.8, significa che l'80% delle coppie sono concordi.

Interpretazione:
  - Valori alti (> 0.8) in tutti e tre i metodi → correlazione robusta e affidabile.
  - Discrepanze tra Pearson e (Spearman/Kendall) → possibili outlier o non-linearità.

